2023-09-19 14:33:25.696 [info] Extension host with pid 2286 started
2023-09-19 14:33:25.730 [info] ExtensionService#_doActivateExtension vscode.emmet, startup: false, activationEvent: 'onLanguage'
2023-09-19 14:33:25.740 [info] ExtensionService#_doActivateExtension vscode.git-base, startup: false, activationEvent: 'onLanguage:ignore'
2023-09-19 14:33:25.767 [info] ExtensionService#_doActivateExtension vscode.github, startup: true, activationEvent: '*'
2023-09-19 14:33:25.779 [info] Eager extensions activated
2023-09-19 14:33:25.792 [info] ExtensionService#_doActivateExtension vscode.debug-auto-launch, startup: false, activationEvent: 'onStartupFinished'
2023-09-19 14:33:25.796 [info] ExtensionService#_doActivateExtension vscode.merge-conflict, startup: false, activationEvent: 'onStartupFinished'
2023-09-19 14:33:37.755 [info] Extension host terminating: renderer closed the MessagePort
2023-09-19 14:33:37.757 [info] Extension host with pid 2286 exiting with code 0
2023-09-19 14:33:38.871 [info] Extension host with pid 2532 started
2023-09-19 14:33:38.871 [info] Skipping acquiring lock for /home/ruvi/.config/Code - OSS/User/workspaceStorage/afb2e79481ad6ce5184cabbdf41f9d8a.
2023-09-19 14:33:38.935 [info] ExtensionService#_doActivateExtension vscode.git-base, startup: true, activationEvent: '*'
2023-09-19 14:33:38.954 [info] ExtensionService#_doActivateExtension vscode.github, startup: true, activationEvent: '*'
2023-09-19 14:33:38.967 [info] Eager extensions activated
2023-09-19 14:33:38.973 [info] ExtensionService#_doActivateExtension vscode.debug-auto-launch, startup: false, activationEvent: 'onStartupFinished'
2023-09-19 14:33:38.977 [info] ExtensionService#_doActivateExtension vscode.merge-conflict, startup: false, activationEvent: 'onStartupFinished'
2023-09-19 14:33:40.685 [info] ExtensionService#_doActivateExtension vscode.git, startup: false, activationEvent: 'api', root cause: vscode.github
2023-09-19 14:33:50.713 [warning] [Decorations] CAPPING events from decorations provider vscode.git 10000
2023-09-19 14:33:51.924 [warning] [Decorations] CAPPING events from decorations provider vscode.git 10000
2023-09-19 14:33:54.826 [info] ExtensionService#_doActivateExtension vscode.emmet, startup: false, activationEvent: 'onLanguage'
2023-09-19 14:44:36.684 [info] ExtensionService#_doActivateExtension vscode.npm, startup: false, activationEvent: 'onTerminalQuickFixRequest:ms-vscode.npm-command'
