2023-09-19 14:33:40.802 [info] Log level: Info
2023-09-19 14:33:40.802 [info] Validating found git in: "git"
2023-09-19 14:33:40.802 [info] Using git "2.42.0" from "git"
2023-09-19 14:33:40.802 [info] > git rev-parse --show-toplevel [3ms]
2023-09-19 14:33:40.815 [info] > git rev-parse --git-dir --git-common-dir [3ms]
2023-09-19 14:33:40.828 [info] Open repository: /home/ruvi/.config
2023-09-19 14:33:40.861 [info] > git rev-parse --show-toplevel [4ms]
2023-09-19 14:33:40.862 [info] > git config --get commit.template [17ms]
2023-09-19 14:33:40.896 [info] No remotes found in the git config file.
2023-09-19 14:33:40.900 [info] > git for-each-ref --format=%(refname)%00%(upstream:short)%00%(objectname)%00%(upstream:track)%00%(upstream:remotename)%00%(upstream:remoteref) refs/heads/master refs/remotes/master [6ms]
2023-09-19 14:33:40.915 [info] > git rev-parse --show-toplevel [35ms]
2023-09-19 14:33:40.932 [info] > git rev-parse --show-toplevel [3ms]
2023-09-19 14:33:40.947 [info] > git rev-parse --show-toplevel [2ms]
2023-09-19 14:33:40.964 [info] > git rev-parse --show-toplevel [3ms]
2023-09-19 14:33:40.978 [info] > git rev-parse --show-toplevel [2ms]
2023-09-19 14:33:40.991 [info] > git rev-parse --show-toplevel [2ms]
2023-09-19 14:33:41.004 [info] > git rev-parse --show-toplevel [2ms]
2023-09-19 14:33:41.017 [info] > git rev-parse --show-toplevel [2ms]
2023-09-19 14:33:41.030 [info] > git rev-parse --show-toplevel [2ms]
2023-09-19 14:33:41.042 [info] > git rev-parse --show-toplevel [1ms]
2023-09-19 14:33:41.055 [info] > git rev-parse --show-toplevel [2ms]
2023-09-19 14:33:41.069 [info] > git rev-parse --show-toplevel [1ms]
2023-09-19 14:33:41.081 [info] > git rev-parse --show-toplevel [1ms]
2023-09-19 14:33:41.103 [info] > git rev-parse --show-toplevel [10ms]
2023-09-19 14:33:41.126 [info] > git status -z -uall [212ms] (cancelled)
2023-09-19 14:33:41.126 [info] > git rev-parse --show-toplevel [7ms]
2023-09-19 14:33:41.140 [info] > git rev-parse --show-toplevel [2ms]
2023-09-19 14:33:41.152 [info] > git rev-parse --show-toplevel [1ms]
2023-09-19 14:33:41.165 [info] > git rev-parse --show-toplevel [2ms]
2023-09-19 14:33:41.182 [info] > git rev-parse --show-toplevel [2ms]
2023-09-19 14:33:41.195 [info] > git rev-parse --show-toplevel [1ms]
2023-09-19 14:33:41.208 [info] > git rev-parse --show-toplevel [2ms]
2023-09-19 14:33:41.221 [info] > git rev-parse --show-toplevel [2ms]
2023-09-19 14:33:41.234 [info] > git rev-parse --show-toplevel [2ms]
2023-09-19 14:33:41.247 [info] > git rev-parse --show-toplevel [1ms]
2023-09-19 14:33:41.260 [info] > git rev-parse --show-toplevel [1ms]
2023-09-19 14:33:41.273 [info] > git rev-parse --show-toplevel [1ms]
2023-09-19 14:33:41.285 [info] > git rev-parse --show-toplevel [1ms]
2023-09-19 14:33:41.297 [info] > git rev-parse --show-toplevel [1ms]
2023-09-19 14:33:41.309 [info] > git rev-parse --show-toplevel [1ms]
2023-09-19 14:33:41.321 [info] > git rev-parse --show-toplevel [2ms]
2023-09-19 14:33:41.333 [info] > git rev-parse --show-toplevel [2ms]
2023-09-19 14:33:41.345 [info] > git rev-parse --show-toplevel [2ms]
2023-09-19 14:33:41.357 [info] > git rev-parse --show-toplevel [1ms]
2023-09-19 14:33:41.381 [info] > git check-ignore -v -z --stdin [2ms]
2023-09-19 14:33:41.382 [info] > git rev-parse --show-toplevel [14ms]
2023-09-19 14:33:41.395 [info] > git rev-parse --show-toplevel [2ms]
2023-09-19 14:33:41.407 [info] > git rev-parse --show-toplevel [2ms]
2023-09-19 14:33:41.420 [info] > git rev-parse --show-toplevel [1ms]
2023-09-19 14:33:41.434 [info] > git rev-parse --show-toplevel [2ms]
2023-09-19 14:33:41.448 [info] > git rev-parse --show-toplevel [2ms]
2023-09-19 14:33:41.463 [info] > git rev-parse --show-toplevel [2ms]
2023-09-19 14:33:41.476 [info] > git rev-parse --show-toplevel [1ms]
2023-09-19 14:33:41.489 [info] > git rev-parse --show-toplevel [2ms]
2023-09-19 14:33:41.502 [info] > git rev-parse --show-toplevel [2ms]
2023-09-19 14:33:41.515 [info] > git rev-parse --show-toplevel [2ms]
2023-09-19 14:33:41.527 [info] > git rev-parse --show-toplevel [2ms]
2023-09-19 14:33:41.544 [info] > git rev-parse --show-toplevel [4ms]
2023-09-19 14:33:41.564 [info] > git rev-parse --show-toplevel [3ms]
2023-09-19 14:33:41.584 [info] > git rev-parse --show-toplevel [4ms]
2023-09-19 14:33:41.604 [info] > git rev-parse --show-toplevel [4ms]
2023-09-19 14:33:41.619 [info] > git rev-parse --show-toplevel [2ms]
2023-09-19 14:33:41.633 [info] > git rev-parse --show-toplevel [1ms]
2023-09-19 14:33:41.646 [info] > git rev-parse --show-toplevel [2ms]
2023-09-19 14:33:41.659 [info] > git rev-parse --show-toplevel [2ms]
2023-09-19 14:33:41.673 [info] > git rev-parse --show-toplevel [2ms]
2023-09-19 14:33:41.687 [info] > git rev-parse --show-toplevel [1ms]
2023-09-19 14:33:41.699 [info] > git rev-parse --show-toplevel [1ms]
2023-09-19 14:33:41.713 [info] > git rev-parse --show-toplevel [2ms]
2023-09-19 14:33:41.724 [info] > git rev-parse --show-toplevel [1ms]
2023-09-19 14:33:41.736 [info] > git rev-parse --show-toplevel [1ms]
2023-09-19 14:33:41.748 [info] > git rev-parse --show-toplevel [1ms]
2023-09-19 14:33:41.760 [info] > git rev-parse --show-toplevel [2ms]
2023-09-19 14:33:41.771 [info] > git rev-parse --show-toplevel [1ms]
2023-09-19 14:33:41.784 [info] > git rev-parse --show-toplevel [1ms]
2023-09-19 14:33:41.798 [info] > git rev-parse --show-toplevel [2ms]
2023-09-19 14:33:51.662 [info] > git config --get commit.template [8ms]
2023-09-19 14:33:51.663 [info] No remotes found in the git config file.
2023-09-19 14:33:51.678 [info] > git for-each-ref --format=%(refname)%00%(upstream:short)%00%(objectname)%00%(upstream:track)%00%(upstream:remotename)%00%(upstream:remoteref) refs/heads/master refs/remotes/master [2ms]
2023-09-19 14:33:53.121 [info] > git status -z -uall [1432ms] (cancelled)
2023-09-19 14:33:53.868 [info] > git check-ignore -v -z --stdin [3ms]
2023-09-19 14:33:55.026 [info] > git show --textconv :.gitignore [14ms]
2023-09-19 14:33:55.028 [info] > git ls-files --stage -- /home/ruvi/.config/.gitignore [2ms]
2023-09-19 14:34:06.394 [info] > git show --textconv :GNOME-xdg-terminals.list [21ms]
2023-09-19 14:34:06.397 [info] > git ls-files --stage -- /home/ruvi/.config/GNOME-xdg-terminals.list [5ms]
2023-09-19 14:34:14.297 [info] > git show --textconv :xdg-terminals.list [21ms]
2023-09-19 14:34:14.300 [info] > git ls-files --stage -- /home/ruvi/.config/xdg-terminals.list [4ms]
2023-09-19 14:42:01.032 [info] > git check-ignore -v -z --stdin [2ms]
2023-09-19 14:42:19.759 [info] > git check-ignore -v -z --stdin [2ms]
2023-09-19 14:42:43.136 [info] > git ls-files --stage -- /home/ruvi/.config/.gitignore [2ms]
2023-09-19 14:42:43.153 [info] > git cat-file -s 7d11e0bd8768d5c672397d7d4473748dc0a06a8a [2ms]
2023-09-19 14:42:43.175 [info] > git show --textconv :.gitignore [2ms]
2023-09-19 14:43:32.372 [info] > git check-ignore -v -z --stdin [2ms]
2023-09-19 14:44:10.544 [info] > git ls-files --stage -- /home/ruvi/.config/.gitignore [3ms]
2023-09-19 14:44:10.566 [info] > git show --textconv :.gitignore [1ms]
2023-09-19 14:44:16.310 [info] > git ls-files --stage -- /home/ruvi/.config/.gitignore [5ms]
2023-09-19 14:44:16.328 [info] > git cat-file -s 7d11e0bd8768d5c672397d7d4473748dc0a06a8a [3ms]
2023-09-19 14:44:16.355 [info] > git show --textconv :.gitignore [6ms]
2023-09-19 14:44:25.606 [info] > git check-ignore -v -z --stdin [6ms]
2023-09-19 14:44:32.785 [info] > git check-ignore -v -z --stdin [7ms]
