2023-09-17 20:35:53.737 [info] Added views:workbench.panel.markers.view in workbench.panel.markers
2023-09-17 20:35:53.737 [info] Added views:workbench.panel.output in workbench.panel.output
2023-09-17 20:35:53.737 [info] Added views:terminal in terminal
2023-09-17 20:35:53.737 [info] Added views:outline in workbench.view.explorer
2023-09-17 20:35:53.737 [info] Added views:workbench.scm in workbench.view.scm
2023-09-17 20:35:53.737 [info] Added views:workbench.view.search in workbench.view.search
2023-09-17 20:35:53.738 [info] Added views:timeline in workbench.view.explorer
2023-09-17 20:35:53.738 [info] Added views:workbench.explorer.emptyView in workbench.view.explorer
2023-09-17 20:35:54.165 [info] Added views:workbench.debug.variablesView,workbench.debug.watchExpressionsView,workbench.debug.callStackView,workbench.debug.breakPointsView in workbench.view.debug
2023-09-17 20:35:55.469 [info] Added views:workbench.panel.repl.view in workbench.panel.repl
2023-09-17 20:35:55.472 [info] Removed views:workbench.debug.breakPointsView,workbench.debug.callStackView,workbench.debug.watchExpressionsView,workbench.debug.variablesView from workbench.view.debug
2023-09-17 20:35:55.474 [info] Added views:workbench.debug.welcome in workbench.view.debug
2023-09-17 20:35:56.592 [info] Added views:~remote.forwardedPorts in ~remote.forwardedPortsContainer
2023-09-17 20:36:41.234 [info] Added views:workbench.panel.markers.view in workbench.panel.markers
2023-09-17 20:36:41.235 [info] Added views:workbench.panel.output in workbench.panel.output
2023-09-17 20:36:41.235 [info] Added views:terminal in terminal
2023-09-17 20:36:41.235 [info] Added views:outline in workbench.view.explorer
2023-09-17 20:36:41.235 [info] Added views:workbench.scm in workbench.view.scm
2023-09-17 20:36:41.235 [info] Added views:workbench.view.search in workbench.view.search
2023-09-17 20:36:41.235 [info] Added views:timeline in workbench.view.explorer
2023-09-17 20:36:41.235 [info] Added views:workbench.explorer.fileView in workbench.view.explorer
2023-09-17 20:36:41.946 [info] Added views:workbench.debug.variablesView,workbench.debug.watchExpressionsView,workbench.debug.callStackView,workbench.debug.breakPointsView in workbench.view.debug
2023-09-17 20:36:42.051 [info] Added views:~remote.forwardedPorts in ~remote.forwardedPortsContainer
2023-09-17 20:36:42.326 [info] Added views:workbench.panel.repl.view in workbench.panel.repl
2023-09-17 20:36:42.328 [info] Removed views:workbench.debug.breakPointsView,workbench.debug.callStackView,workbench.debug.watchExpressionsView,workbench.debug.variablesView from workbench.view.debug
2023-09-17 20:36:42.329 [info] Added views:workbench.debug.welcome in workbench.view.debug
