2023-09-19 14:33:24.998 [info] Added views:workbench.panel.markers.view in workbench.panel.markers
2023-09-19 14:33:24.999 [info] Added views:workbench.panel.output in workbench.panel.output
2023-09-19 14:33:24.999 [info] Added views:terminal in terminal
2023-09-19 14:33:24.999 [info] Added views:outline in workbench.view.explorer
2023-09-19 14:33:24.999 [info] Added views:workbench.scm in workbench.view.scm
2023-09-19 14:33:24.999 [info] Added views:workbench.view.search in workbench.view.search
2023-09-19 14:33:24.999 [info] Added views:timeline in workbench.view.explorer
2023-09-19 14:33:24.999 [info] Added views:workbench.explorer.emptyView in workbench.view.explorer
2023-09-19 14:33:25.264 [info] Added views:workbench.debug.variablesView,workbench.debug.watchExpressionsView,workbench.debug.callStackView,workbench.debug.breakPointsView in workbench.view.debug
2023-09-19 14:33:25.731 [info] Added views:workbench.panel.repl.view in workbench.panel.repl
2023-09-19 14:33:25.733 [info] Removed views:workbench.debug.breakPointsView,workbench.debug.callStackView,workbench.debug.watchExpressionsView,workbench.debug.variablesView from workbench.view.debug
2023-09-19 14:33:25.734 [info] Added views:workbench.debug.welcome in workbench.view.debug
2023-09-19 14:33:25.910 [info] Added views:~remote.forwardedPorts in ~remote.forwardedPortsContainer
2023-09-19 14:33:38.317 [info] Added views:workbench.panel.markers.view in workbench.panel.markers
2023-09-19 14:33:38.317 [info] Added views:workbench.panel.output in workbench.panel.output
2023-09-19 14:33:38.317 [info] Added views:terminal in terminal
2023-09-19 14:33:38.317 [info] Added views:outline in workbench.view.explorer
2023-09-19 14:33:38.317 [info] Added views:workbench.scm in workbench.view.scm
2023-09-19 14:33:38.317 [info] Added views:workbench.view.search in workbench.view.search
2023-09-19 14:33:38.317 [info] Added views:timeline in workbench.view.explorer
2023-09-19 14:33:38.317 [info] Added views:workbench.explorer.fileView in workbench.view.explorer
2023-09-19 14:33:38.812 [info] Added views:workbench.debug.variablesView,workbench.debug.watchExpressionsView,workbench.debug.callStackView,workbench.debug.breakPointsView in workbench.view.debug
2023-09-19 14:33:38.929 [info] Added views:workbench.panel.repl.view in workbench.panel.repl
2023-09-19 14:33:38.932 [info] Removed views:workbench.debug.breakPointsView,workbench.debug.callStackView,workbench.debug.watchExpressionsView,workbench.debug.variablesView from workbench.view.debug
2023-09-19 14:33:38.933 [info] Added views:workbench.debug.welcome in workbench.view.debug
2023-09-19 14:33:39.025 [info] Added views:~remote.forwardedPorts in ~remote.forwardedPortsContainer
