2023-09-16 12:30:54.195 [info] Log level: Info
2023-09-16 12:30:54.196 [info] Validating found git in: "git"
2023-09-16 12:30:54.222 [info] Using git "2.42.0" from "git"
2023-09-16 12:30:54.253 [info] > git rev-parse --show-toplevel [8ms]
2023-09-16 12:30:54.272 [info] > git rev-parse --git-dir --git-common-dir [3ms]
2023-09-16 12:30:54.288 [info] Open repository: /home/ruvi/Documents/code/html/html-resume
2023-09-16 12:30:54.325 [info] > git rev-parse --show-toplevel [6ms]
2023-09-16 12:30:54.328 [info] > git config --get commit.template [23ms]
2023-09-16 12:30:54.350 [info] > git for-each-ref --format=%(refname)%00%(upstream:short)%00%(objectname)%00%(upstream:track)%00%(upstream:remotename)%00%(upstream:remoteref) refs/heads/master refs/remotes/master [4ms]
2023-09-16 12:30:54.367 [info] > git status -z -uall [3ms]
2023-09-16 12:30:54.418 [info] > git config --get commit.template [5ms]
2023-09-16 12:30:54.507 [info] > git for-each-ref --format=%(refname)%00%(upstream:short)%00%(objectname)%00%(upstream:track)%00%(upstream:remotename)%00%(upstream:remoteref) refs/heads/master refs/remotes/master [76ms]
2023-09-16 12:30:54.524 [info] > git status -z -uall [6ms]
2023-09-16 12:30:54.842 [info] > git check-ignore -v -z --stdin [3ms]
2023-09-16 12:30:55.045 [info] > git rev-parse --show-toplevel [3ms]
2023-09-16 12:30:55.060 [info] > git rev-parse --show-toplevel [2ms]
2023-09-16 12:30:56.200 [info] > git show --textconv :resume.html [15ms]
2023-09-16 12:30:56.202 [info] > git ls-files --stage -- /home/ruvi/Documents/code/html/html-resume/resume.html [3ms]
2023-09-16 12:30:56.217 [info] > git cat-file -s 29e67e0bbee2cb4fb76a047d2ab2328a726a5e0d [2ms]
2023-09-16 12:31:47.758 [info] > git show --textconv :resume.html [14ms]
2023-09-16 12:31:47.759 [info] > git ls-files --stage -- /home/ruvi/Documents/code/html/html-resume/resume.html [2ms]
2023-09-16 12:31:47.776 [info] > git cat-file -s 29e67e0bbee2cb4fb76a047d2ab2328a726a5e0d [1ms]
2023-09-16 12:34:33.104 [info] > git config --get commit.template [16ms]
2023-09-16 12:34:33.106 [info] > git for-each-ref --format=%(refname)%00%(upstream:short)%00%(objectname)%00%(upstream:track)%00%(upstream:remotename)%00%(upstream:remoteref) refs/heads/master refs/remotes/master [5ms]
2023-09-16 12:34:33.120 [info] > git status -z -uall [3ms]
2023-09-16 12:34:33.637 [info] > git rev-parse --show-toplevel [2ms]
2023-09-16 12:34:33.657 [info] > git rev-parse --show-toplevel [4ms]
2023-09-16 12:38:20.785 [info] > git config --get commit.template [24ms]
2023-09-16 12:38:20.786 [info] > git for-each-ref --format=%(refname)%00%(upstream:short)%00%(objectname)%00%(upstream:track)%00%(upstream:remotename)%00%(upstream:remoteref) refs/heads/master refs/remotes/master [4ms]
2023-09-16 12:38:20.811 [info] > git status -z -uall [5ms]
2023-09-16 12:38:21.334 [info] > git rev-parse --show-toplevel [2ms]
2023-09-16 12:38:21.353 [info] > git rev-parse --show-toplevel [2ms]
2023-09-16 12:42:47.406 [info] > git config --get commit.template [17ms]
2023-09-16 12:42:47.410 [info] > git for-each-ref --format=%(refname)%00%(upstream:short)%00%(objectname)%00%(upstream:track)%00%(upstream:remotename)%00%(upstream:remoteref) refs/heads/master refs/remotes/master [5ms]
2023-09-16 12:42:47.425 [info] > git status -z -uall [4ms]
2023-09-16 12:42:47.941 [info] > git rev-parse --show-toplevel [2ms]
2023-09-16 12:42:47.962 [info] > git rev-parse --show-toplevel [2ms]
2023-09-16 12:43:35.164 [info] > git config --get commit.template [23ms]
2023-09-16 12:43:35.167 [info] > git for-each-ref --format=%(refname)%00%(upstream:short)%00%(objectname)%00%(upstream:track)%00%(upstream:remotename)%00%(upstream:remoteref) refs/heads/master refs/remotes/master [4ms]
2023-09-16 12:43:35.193 [info] > git status -z -uall [5ms]
2023-09-16 12:43:35.717 [info] > git rev-parse --show-toplevel [3ms]
2023-09-16 12:43:35.737 [info] > git rev-parse --show-toplevel [4ms]
2023-09-16 12:44:27.646 [info] > git show --textconv :style.css [17ms]
2023-09-16 12:44:27.647 [info] > git ls-files --stage -- /home/ruvi/Documents/code/html/html-resume/style.css [2ms]
2023-09-16 12:44:27.664 [info] > git cat-file -s 39d23ecee5cd847ba7f1faa2615c9f5f2e9fd49e [3ms]
2023-09-16 12:44:41.442 [info] > git config --get commit.template [20ms]
2023-09-16 12:44:41.444 [info] > git for-each-ref --format=%(refname)%00%(upstream:short)%00%(objectname)%00%(upstream:track)%00%(upstream:remotename)%00%(upstream:remoteref) refs/heads/master refs/remotes/master [4ms]
2023-09-16 12:44:41.472 [info] > git status -z -uall [6ms]
2023-09-16 12:44:42.001 [info] > git rev-parse --show-toplevel [2ms]
2023-09-16 12:44:42.021 [info] > git rev-parse --show-toplevel [2ms]
2023-09-16 12:44:50.185 [info] > git config --get commit.template [2ms]
2023-09-16 12:44:50.205 [info] > git for-each-ref --format=%(refname)%00%(upstream:short)%00%(objectname)%00%(upstream:track)%00%(upstream:remotename)%00%(upstream:remoteref) refs/heads/master refs/remotes/master [4ms]
2023-09-16 12:44:50.226 [info] > git status -z -uall [5ms]
2023-09-16 12:44:50.747 [info] > git rev-parse --show-toplevel [1ms]
2023-09-16 12:44:50.765 [info] > git rev-parse --show-toplevel [2ms]
2023-09-16 12:45:01.445 [info] > git config --get commit.template [21ms]
2023-09-16 12:45:01.448 [info] > git for-each-ref --format=%(refname)%00%(upstream:short)%00%(objectname)%00%(upstream:track)%00%(upstream:remotename)%00%(upstream:remoteref) refs/heads/master refs/remotes/master [4ms]
2023-09-16 12:45:01.468 [info] > git status -z -uall [4ms]
2023-09-16 12:45:01.991 [info] > git rev-parse --show-toplevel [2ms]
2023-09-16 12:45:02.009 [info] > git rev-parse --show-toplevel [2ms]
2023-09-16 12:45:45.486 [info] > git config --get commit.template [19ms]
2023-09-16 12:45:45.490 [info] > git for-each-ref --format=%(refname)%00%(upstream:short)%00%(objectname)%00%(upstream:track)%00%(upstream:remotename)%00%(upstream:remoteref) refs/heads/master refs/remotes/master [4ms]
2023-09-16 12:45:45.510 [info] > git status -z -uall [5ms]
2023-09-16 12:45:46.035 [info] > git rev-parse --show-toplevel [3ms]
2023-09-16 12:45:46.059 [info] > git rev-parse --show-toplevel [4ms]
2023-09-16 12:45:56.078 [info] > git config --get commit.template [3ms]
2023-09-16 12:45:56.096 [info] > git for-each-ref --format=%(refname)%00%(upstream:short)%00%(objectname)%00%(upstream:track)%00%(upstream:remotename)%00%(upstream:remoteref) refs/heads/master refs/remotes/master [2ms]
2023-09-16 12:45:56.122 [info] > git status -z -uall [5ms]
2023-09-16 12:45:56.642 [info] > git rev-parse --show-toplevel [2ms]
2023-09-16 12:45:56.659 [info] > git rev-parse --show-toplevel [1ms]
2023-09-16 12:46:02.382 [info] > git config --get commit.template [2ms]
2023-09-16 12:46:02.401 [info] > git for-each-ref --format=%(refname)%00%(upstream:short)%00%(objectname)%00%(upstream:track)%00%(upstream:remotename)%00%(upstream:remoteref) refs/heads/master refs/remotes/master [2ms]
2023-09-16 12:46:02.420 [info] > git status -z -uall [2ms]
2023-09-16 12:46:02.944 [info] > git rev-parse --show-toplevel [4ms]
2023-09-16 12:46:02.963 [info] > git rev-parse --show-toplevel [1ms]
2023-09-16 12:46:25.618 [info] > git config --get commit.template [3ms]
2023-09-16 12:46:25.649 [info] > git for-each-ref --format=%(refname)%00%(upstream:short)%00%(objectname)%00%(upstream:track)%00%(upstream:remotename)%00%(upstream:remoteref) refs/heads/master refs/remotes/master [6ms]
2023-09-16 12:46:25.671 [info] > git status -z -uall [6ms]
2023-09-16 12:46:26.190 [info] > git rev-parse --show-toplevel [2ms]
2023-09-16 12:46:26.214 [info] > git rev-parse --show-toplevel [5ms]
2023-09-16 12:46:46.542 [info] > git config --get commit.template [19ms]
2023-09-16 12:46:46.545 [info] > git for-each-ref --format=%(refname)%00%(upstream:short)%00%(objectname)%00%(upstream:track)%00%(upstream:remotename)%00%(upstream:remoteref) refs/heads/master refs/remotes/master [4ms]
2023-09-16 12:46:46.570 [info] > git status -z -uall [6ms]
2023-09-16 12:46:47.091 [info] > git rev-parse --show-toplevel [4ms]
2023-09-16 12:46:47.114 [info] > git rev-parse --show-toplevel [4ms]
2023-09-16 12:46:51.622 [info] > git config --get commit.template [23ms]
2023-09-16 12:46:51.624 [info] > git for-each-ref --format=%(refname)%00%(upstream:short)%00%(objectname)%00%(upstream:track)%00%(upstream:remotename)%00%(upstream:remoteref) refs/heads/master refs/remotes/master [4ms]
2023-09-16 12:46:51.650 [info] > git status -z -uall [5ms]
2023-09-16 12:46:52.174 [info] > git rev-parse --show-toplevel [2ms]
2023-09-16 12:46:52.195 [info] > git rev-parse --show-toplevel [2ms]
2023-09-16 12:46:56.680 [info] > git config --get commit.template [2ms]
2023-09-16 12:46:56.702 [info] > git for-each-ref --format=%(refname)%00%(upstream:short)%00%(objectname)%00%(upstream:track)%00%(upstream:remotename)%00%(upstream:remoteref) refs/heads/master refs/remotes/master [2ms]
2023-09-16 12:46:56.735 [info] > git status -z -uall [7ms]
2023-09-16 12:46:57.265 [info] > git rev-parse --show-toplevel [4ms]
2023-09-16 12:46:57.286 [info] > git rev-parse --show-toplevel [2ms]
2023-09-16 12:47:16.818 [info] > git config --get commit.template [22ms]
2023-09-16 12:47:16.821 [info] > git for-each-ref --format=%(refname)%00%(upstream:short)%00%(objectname)%00%(upstream:track)%00%(upstream:remotename)%00%(upstream:remoteref) refs/heads/master refs/remotes/master [4ms]
2023-09-16 12:47:16.845 [info] > git status -z -uall [6ms]
2023-09-16 12:47:17.365 [info] > git rev-parse --show-toplevel [3ms]
2023-09-16 12:47:17.386 [info] > git rev-parse --show-toplevel [1ms]
2023-09-16 12:47:34.806 [info] > git config --get commit.template [2ms]
2023-09-16 12:47:34.825 [info] > git for-each-ref --format=%(refname)%00%(upstream:short)%00%(objectname)%00%(upstream:track)%00%(upstream:remotename)%00%(upstream:remoteref) refs/heads/master refs/remotes/master [3ms]
2023-09-16 12:47:34.845 [info] > git status -z -uall [3ms]
2023-09-16 12:47:35.372 [info] > git rev-parse --show-toplevel [5ms]
2023-09-16 12:47:35.394 [info] > git rev-parse --show-toplevel [2ms]
2023-09-16 12:47:43.308 [info] > git config --get commit.template [13ms]
2023-09-16 12:47:43.309 [info] > git for-each-ref --format=%(refname)%00%(upstream:short)%00%(objectname)%00%(upstream:track)%00%(upstream:remotename)%00%(upstream:remoteref) refs/heads/master refs/remotes/master [2ms]
2023-09-16 12:47:43.321 [info] > git status -z -uall [2ms]
2023-09-16 12:47:43.847 [info] > git rev-parse --show-toplevel [4ms]
2023-09-16 12:47:43.867 [info] > git rev-parse --show-toplevel [3ms]
2023-09-16 12:48:18.973 [info] > git config --get commit.template [18ms]
2023-09-16 12:48:18.974 [info] > git for-each-ref --format=%(refname)%00%(upstream:short)%00%(objectname)%00%(upstream:track)%00%(upstream:remotename)%00%(upstream:remoteref) refs/heads/master refs/remotes/master [4ms]
2023-09-16 12:48:18.998 [info] > git status -z -uall [3ms]
2023-09-16 12:48:19.522 [info] > git rev-parse --show-toplevel [3ms]
2023-09-16 12:48:19.543 [info] > git rev-parse --show-toplevel [4ms]
2023-09-16 12:48:40.158 [info] > git config --get commit.template [3ms]
2023-09-16 12:48:40.184 [info] > git for-each-ref --format=%(refname)%00%(upstream:short)%00%(objectname)%00%(upstream:track)%00%(upstream:remotename)%00%(upstream:remoteref) refs/heads/master refs/remotes/master [4ms]
2023-09-16 12:48:40.206 [info] > git status -z -uall [3ms]
2023-09-16 12:48:40.728 [info] > git rev-parse --show-toplevel [1ms]
2023-09-16 12:48:40.747 [info] > git rev-parse --show-toplevel [2ms]
2023-09-16 12:49:20.399 [info] > git config --get commit.template [17ms]
2023-09-16 12:49:20.400 [info] > git for-each-ref --format=%(refname)%00%(upstream:short)%00%(objectname)%00%(upstream:track)%00%(upstream:remotename)%00%(upstream:remoteref) refs/heads/master refs/remotes/master [3ms]
2023-09-16 12:49:20.420 [info] > git status -z -uall [2ms]
2023-09-16 12:49:20.940 [info] > git rev-parse --show-toplevel [1ms]
2023-09-16 12:49:20.957 [info] > git rev-parse --show-toplevel [2ms]
2023-09-16 12:49:34.295 [info] > git config --get commit.template [18ms]
2023-09-16 12:49:34.298 [info] > git for-each-ref --format=%(refname)%00%(upstream:short)%00%(objectname)%00%(upstream:track)%00%(upstream:remotename)%00%(upstream:remoteref) refs/heads/master refs/remotes/master [4ms]
2023-09-16 12:49:34.314 [info] > git status -z -uall [3ms]
2023-09-16 12:49:34.837 [info] > git rev-parse --show-toplevel [2ms]
2023-09-16 12:49:34.858 [info] > git rev-parse --show-toplevel [2ms]
2023-09-16 12:49:40.318 [info] > git config --get commit.template [20ms]
2023-09-16 12:49:40.319 [info] > git for-each-ref --format=%(refname)%00%(upstream:short)%00%(objectname)%00%(upstream:track)%00%(upstream:remotename)%00%(upstream:remoteref) refs/heads/master refs/remotes/master [2ms]
2023-09-16 12:49:40.340 [info] > git status -z -uall [3ms]
2023-09-16 12:49:40.868 [info] > git rev-parse --show-toplevel [3ms]
2023-09-16 12:49:40.887 [info] > git rev-parse --show-toplevel [2ms]
2023-09-16 12:56:37.312 [info] > git config --get commit.template [17ms]
2023-09-16 12:56:37.312 [info] > git for-each-ref --format=%(refname)%00%(upstream:short)%00%(objectname)%00%(upstream:track)%00%(upstream:remotename)%00%(upstream:remoteref) refs/heads/master refs/remotes/master [1ms]
2023-09-16 12:56:37.331 [info] > git status -z -uall [2ms]
2023-09-16 12:56:37.847 [info] > git rev-parse --show-toplevel [2ms]
2023-09-16 12:56:37.864 [info] > git rev-parse --show-toplevel [1ms]
2023-09-16 12:57:05.529 [info] > git config --get commit.template [23ms]
2023-09-16 12:57:05.532 [info] > git for-each-ref --format=%(refname)%00%(upstream:short)%00%(objectname)%00%(upstream:track)%00%(upstream:remotename)%00%(upstream:remoteref) refs/heads/master refs/remotes/master [4ms]
2023-09-16 12:57:05.556 [info] > git status -z -uall [5ms]
2023-09-16 12:57:06.084 [info] > git rev-parse --show-toplevel [2ms]
2023-09-16 12:57:06.106 [info] > git rev-parse --show-toplevel [2ms]
2023-09-16 12:57:27.847 [info] > git config --get commit.template [15ms]
2023-09-16 12:57:27.849 [info] > git for-each-ref --format=%(refname)%00%(upstream:short)%00%(objectname)%00%(upstream:track)%00%(upstream:remotename)%00%(upstream:remoteref) refs/heads/master refs/remotes/master [1ms]
2023-09-16 12:57:27.865 [info] > git status -z -uall [2ms]
2023-09-16 12:57:28.392 [info] > git rev-parse --show-toplevel [4ms]
2023-09-16 12:57:28.407 [info] > git rev-parse --show-toplevel [2ms]
2023-09-16 13:20:39.926 [info] > git config --get commit.template [3ms]
2023-09-16 13:20:39.946 [info] > git for-each-ref --format=%(refname)%00%(upstream:short)%00%(objectname)%00%(upstream:track)%00%(upstream:remotename)%00%(upstream:remoteref) refs/heads/master refs/remotes/master [2ms]
2023-09-16 13:20:39.973 [info] > git status -z -uall [6ms]
2023-09-16 13:20:40.496 [info] > git rev-parse --show-toplevel [2ms]
2023-09-16 13:20:40.510 [info] > git rev-parse --show-toplevel [2ms]
2023-09-16 13:21:42.942 [info] > git config --get commit.template [18ms]
2023-09-16 13:21:42.943 [info] > git for-each-ref --format=%(refname)%00%(upstream:short)%00%(objectname)%00%(upstream:track)%00%(upstream:remotename)%00%(upstream:remoteref) refs/heads/master refs/remotes/master [3ms]
2023-09-16 13:21:42.968 [info] > git status -z -uall [5ms]
2023-09-16 13:21:43.489 [info] > git rev-parse --show-toplevel [2ms]
2023-09-16 13:21:43.506 [info] > git rev-parse --show-toplevel [3ms]
2023-09-16 13:22:19.199 [info] > git config --get commit.template [16ms]
2023-09-16 13:22:19.199 [info] > git for-each-ref --format=%(refname)%00%(upstream:short)%00%(objectname)%00%(upstream:track)%00%(upstream:remotename)%00%(upstream:remoteref) refs/heads/master refs/remotes/master [1ms]
2023-09-16 13:22:19.214 [info] > git status -z -uall [2ms]
2023-09-16 13:22:19.740 [info] > git rev-parse --show-toplevel [3ms]
2023-09-16 13:22:19.765 [info] > git rev-parse --show-toplevel [4ms]
2023-09-16 13:22:35.207 [info] > git config --get commit.template [2ms]
2023-09-16 13:22:35.225 [info] > git for-each-ref --format=%(refname)%00%(upstream:short)%00%(objectname)%00%(upstream:track)%00%(upstream:remotename)%00%(upstream:remoteref) refs/heads/master refs/remotes/master [2ms]
2023-09-16 13:22:35.244 [info] > git status -z -uall [3ms]
2023-09-16 13:22:35.768 [info] > git rev-parse --show-toplevel [2ms]
2023-09-16 13:22:35.784 [info] > git rev-parse --show-toplevel [2ms]
2023-09-16 13:23:46.067 [info] > git config --get commit.template [17ms]
2023-09-16 13:23:46.069 [info] > git for-each-ref --format=%(refname)%00%(upstream:short)%00%(objectname)%00%(upstream:track)%00%(upstream:remotename)%00%(upstream:remoteref) refs/heads/master refs/remotes/master [3ms]
2023-09-16 13:23:46.088 [info] > git status -z -uall [3ms]
2023-09-16 13:23:46.611 [info] > git rev-parse --show-toplevel [3ms]
2023-09-16 13:23:46.634 [info] > git rev-parse --show-toplevel [3ms]
2023-09-16 13:24:12.494 [info] > git config --get commit.template [16ms]
2023-09-16 13:24:12.496 [info] > git for-each-ref --format=%(refname)%00%(upstream:short)%00%(objectname)%00%(upstream:track)%00%(upstream:remotename)%00%(upstream:remoteref) refs/heads/master refs/remotes/master [2ms]
2023-09-16 13:24:12.511 [info] > git status -z -uall [2ms]
2023-09-16 13:24:13.033 [info] > git rev-parse --show-toplevel [3ms]
2023-09-16 13:24:13.049 [info] > git rev-parse --show-toplevel [2ms]
2023-09-16 13:27:01.670 [info] > git config --get commit.template [20ms]
2023-09-16 13:27:01.671 [info] > git for-each-ref --format=%(refname)%00%(upstream:short)%00%(objectname)%00%(upstream:track)%00%(upstream:remotename)%00%(upstream:remoteref) refs/heads/master refs/remotes/master [3ms]
2023-09-16 13:27:01.688 [info] > git status -z -uall [4ms]
2023-09-16 13:27:02.210 [info] > git rev-parse --show-toplevel [2ms]
2023-09-16 13:27:02.226 [info] > git rev-parse --show-toplevel [2ms]
2023-09-16 13:27:45.333 [info] > git config --get commit.template [16ms]
2023-09-16 13:27:45.334 [info] > git for-each-ref --format=%(refname)%00%(upstream:short)%00%(objectname)%00%(upstream:track)%00%(upstream:remotename)%00%(upstream:remoteref) refs/heads/master refs/remotes/master [2ms]
2023-09-16 13:27:45.351 [info] > git status -z -uall [2ms]
2023-09-16 13:27:45.874 [info] > git rev-parse --show-toplevel [2ms]
2023-09-16 13:27:45.894 [info] > git rev-parse --show-toplevel [2ms]
2023-09-16 13:28:33.862 [info] > git config --get commit.template [20ms]
2023-09-16 13:28:33.864 [info] > git for-each-ref --format=%(refname)%00%(upstream:short)%00%(objectname)%00%(upstream:track)%00%(upstream:remotename)%00%(upstream:remoteref) refs/heads/master refs/remotes/master [2ms]
2023-09-16 13:28:33.879 [info] > git status -z -uall [2ms]
2023-09-16 13:28:34.404 [info] > git rev-parse --show-toplevel [4ms]
2023-09-16 13:28:34.424 [info] > git rev-parse --show-toplevel [4ms]
2023-09-16 13:29:13.161 [info] > git config --get commit.template [19ms]
2023-09-16 13:29:13.162 [info] > git for-each-ref --format=%(refname)%00%(upstream:short)%00%(objectname)%00%(upstream:track)%00%(upstream:remotename)%00%(upstream:remoteref) refs/heads/master refs/remotes/master [3ms]
2023-09-16 13:29:13.182 [info] > git status -z -uall [3ms]
2023-09-16 13:29:13.708 [info] > git rev-parse --show-toplevel [4ms]
2023-09-16 13:29:13.730 [info] > git rev-parse --show-toplevel [1ms]
2023-09-16 13:29:36.722 [info] > git config --get commit.template [23ms]
2023-09-16 13:29:36.725 [info] > git for-each-ref --format=%(refname)%00%(upstream:short)%00%(objectname)%00%(upstream:track)%00%(upstream:remotename)%00%(upstream:remoteref) refs/heads/master refs/remotes/master [3ms]
2023-09-16 13:29:36.743 [info] > git status -z -uall [2ms]
2023-09-16 13:29:37.267 [info] > git rev-parse --show-toplevel [2ms]
2023-09-16 13:29:37.289 [info] > git rev-parse --show-toplevel [2ms]
2023-09-16 13:29:43.061 [info] > git config --get commit.template [2ms]
2023-09-16 13:29:43.086 [info] > git for-each-ref --format=%(refname)%00%(upstream:short)%00%(objectname)%00%(upstream:track)%00%(upstream:remotename)%00%(upstream:remoteref) refs/heads/master refs/remotes/master [2ms]
2023-09-16 13:29:43.114 [info] > git status -z -uall [6ms]
2023-09-16 13:29:43.633 [info] > git rev-parse --show-toplevel [2ms]
2023-09-16 13:29:43.654 [info] > git rev-parse --show-toplevel [1ms]
2023-09-16 13:29:59.484 [info] > git config --get commit.template [23ms]
2023-09-16 13:29:59.486 [info] > git for-each-ref --format=%(refname)%00%(upstream:short)%00%(objectname)%00%(upstream:track)%00%(upstream:remotename)%00%(upstream:remoteref) refs/heads/master refs/remotes/master [2ms]
2023-09-16 13:29:59.507 [info] > git status -z -uall [2ms]
2023-09-16 13:30:00.032 [info] > git rev-parse --show-toplevel [3ms]
2023-09-16 13:30:00.051 [info] > git rev-parse --show-toplevel [2ms]
2023-09-16 13:30:22.171 [info] > git config --get commit.template [21ms]
2023-09-16 13:30:22.172 [info] > git for-each-ref --format=%(refname)%00%(upstream:short)%00%(objectname)%00%(upstream:track)%00%(upstream:remotename)%00%(upstream:remoteref) refs/heads/master refs/remotes/master [2ms]
2023-09-16 13:30:22.198 [info] > git status -z -uall [5ms]
2023-09-16 13:30:22.725 [info] > git rev-parse --show-toplevel [3ms]
2023-09-16 13:30:22.741 [info] > git rev-parse --show-toplevel [1ms]
2023-09-16 13:30:27.462 [info] > git config --get commit.template [20ms]
2023-09-16 13:30:27.463 [info] > git for-each-ref --format=%(refname)%00%(upstream:short)%00%(objectname)%00%(upstream:track)%00%(upstream:remotename)%00%(upstream:remoteref) refs/heads/master refs/remotes/master [2ms]
2023-09-16 13:30:27.479 [info] > git status -z -uall [2ms]
2023-09-16 13:30:27.997 [info] > git rev-parse --show-toplevel [2ms]
2023-09-16 13:30:28.011 [info] > git rev-parse --show-toplevel [2ms]
2023-09-16 13:30:55.571 [info] > git config --get commit.template [22ms]
2023-09-16 13:30:55.572 [info] > git for-each-ref --format=%(refname)%00%(upstream:short)%00%(objectname)%00%(upstream:track)%00%(upstream:remotename)%00%(upstream:remoteref) refs/heads/master refs/remotes/master [3ms]
2023-09-16 13:30:55.590 [info] > git status -z -uall [3ms]
2023-09-16 13:30:56.112 [info] > git rev-parse --show-toplevel [2ms]
2023-09-16 13:30:56.135 [info] > git rev-parse --show-toplevel [4ms]
2023-09-16 13:31:05.317 [info] > git config --get commit.template [5ms]
2023-09-16 13:31:05.338 [info] > git for-each-ref --format=%(refname)%00%(upstream:short)%00%(objectname)%00%(upstream:track)%00%(upstream:remotename)%00%(upstream:remoteref) refs/heads/master refs/remotes/master [2ms]
2023-09-16 13:31:05.358 [info] > git status -z -uall [3ms]
2023-09-16 13:31:05.882 [info] > git rev-parse --show-toplevel [2ms]
2023-09-16 13:31:05.905 [info] > git rev-parse --show-toplevel [2ms]
2023-09-16 13:31:12.760 [info] > git config --get commit.template [17ms]
2023-09-16 13:31:12.761 [info] > git for-each-ref --format=%(refname)%00%(upstream:short)%00%(objectname)%00%(upstream:track)%00%(upstream:remotename)%00%(upstream:remoteref) refs/heads/master refs/remotes/master [2ms]
2023-09-16 13:31:12.779 [info] > git status -z -uall [2ms]
2023-09-16 13:31:13.306 [info] > git rev-parse --show-toplevel [3ms]
2023-09-16 13:31:13.325 [info] > git rev-parse --show-toplevel [3ms]
2023-09-16 13:31:24.187 [info] > git config --get commit.template [21ms]
2023-09-16 13:31:24.188 [info] > git for-each-ref --format=%(refname)%00%(upstream:short)%00%(objectname)%00%(upstream:track)%00%(upstream:remotename)%00%(upstream:remoteref) refs/heads/master refs/remotes/master [2ms]
2023-09-16 13:31:24.210 [info] > git status -z -uall [4ms]
2023-09-16 13:31:24.738 [info] > git rev-parse --show-toplevel [3ms]
2023-09-16 13:31:24.763 [info] > git rev-parse --show-toplevel [2ms]
2023-09-16 13:31:44.682 [info] > git config --get commit.template [25ms]
2023-09-16 13:31:44.683 [info] > git for-each-ref --format=%(refname)%00%(upstream:short)%00%(objectname)%00%(upstream:track)%00%(upstream:remotename)%00%(upstream:remoteref) refs/heads/master refs/remotes/master [3ms]
2023-09-16 13:31:44.704 [info] > git status -z -uall [3ms]
2023-09-16 13:31:45.229 [info] > git rev-parse --show-toplevel [1ms]
2023-09-16 13:31:45.248 [info] > git rev-parse --show-toplevel [1ms]
2023-09-16 13:31:49.780 [info] > git config --get commit.template [20ms]
2023-09-16 13:31:49.782 [info] > git for-each-ref --format=%(refname)%00%(upstream:short)%00%(objectname)%00%(upstream:track)%00%(upstream:remotename)%00%(upstream:remoteref) refs/heads/master refs/remotes/master [3ms]
2023-09-16 13:31:49.801 [info] > git status -z -uall [3ms]
2023-09-16 13:31:50.329 [info] > git rev-parse --show-toplevel [3ms]
2023-09-16 13:31:50.348 [info] > git rev-parse --show-toplevel [1ms]
2023-09-16 13:31:54.825 [info] > git config --get commit.template [2ms]
2023-09-16 13:31:54.843 [info] > git for-each-ref --format=%(refname)%00%(upstream:short)%00%(objectname)%00%(upstream:track)%00%(upstream:remotename)%00%(upstream:remoteref) refs/heads/master refs/remotes/master [2ms]
2023-09-16 13:31:54.862 [info] > git status -z -uall [3ms]
2023-09-16 13:31:55.389 [info] > git rev-parse --show-toplevel [3ms]
2023-09-16 13:31:55.414 [info] > git rev-parse --show-toplevel [4ms]
2023-09-16 13:31:59.903 [info] > git config --get commit.template [17ms]
2023-09-16 13:31:59.908 [info] > git for-each-ref --format=%(refname)%00%(upstream:short)%00%(objectname)%00%(upstream:track)%00%(upstream:remotename)%00%(upstream:remoteref) refs/heads/master refs/remotes/master [6ms]
2023-09-16 13:31:59.923 [info] > git status -z -uall [2ms]
2023-09-16 13:32:00.444 [info] > git rev-parse --show-toplevel [1ms]
2023-09-16 13:32:00.464 [info] > git rev-parse --show-toplevel [3ms]
2023-09-16 13:32:09.024 [info] > git config --get commit.template [22ms]
2023-09-16 13:32:09.025 [info] > git for-each-ref --format=%(refname)%00%(upstream:short)%00%(objectname)%00%(upstream:track)%00%(upstream:remotename)%00%(upstream:remoteref) refs/heads/master refs/remotes/master [2ms]
2023-09-16 13:32:09.046 [info] > git status -z -uall [3ms]
2023-09-16 13:32:09.567 [info] > git rev-parse --show-toplevel [3ms]
2023-09-16 13:32:09.588 [info] > git rev-parse --show-toplevel [3ms]
2023-09-16 13:32:21.082 [info] > git config --get commit.template [17ms]
2023-09-16 13:32:21.084 [info] > git for-each-ref --format=%(refname)%00%(upstream:short)%00%(objectname)%00%(upstream:track)%00%(upstream:remotename)%00%(upstream:remoteref) refs/heads/master refs/remotes/master [2ms]
2023-09-16 13:32:21.112 [info] > git status -z -uall [5ms]
2023-09-16 13:32:21.636 [info] > git rev-parse --show-toplevel [3ms]
2023-09-16 13:32:21.658 [info] > git rev-parse --show-toplevel [3ms]
2023-09-16 13:32:31.321 [info] > git config --get commit.template [22ms]
2023-09-16 13:32:31.322 [info] > git for-each-ref --format=%(refname)%00%(upstream:short)%00%(objectname)%00%(upstream:track)%00%(upstream:remotename)%00%(upstream:remoteref) refs/heads/master refs/remotes/master [3ms]
2023-09-16 13:32:31.343 [info] > git status -z -uall [2ms]
2023-09-16 13:32:31.866 [info] > git rev-parse --show-toplevel [2ms]
2023-09-16 13:32:31.890 [info] > git rev-parse --show-toplevel [4ms]
2023-09-16 13:33:31.078 [info] > git config --get commit.template [3ms]
2023-09-16 13:33:31.100 [info] > git for-each-ref --format=%(refname)%00%(upstream:short)%00%(objectname)%00%(upstream:track)%00%(upstream:remotename)%00%(upstream:remoteref) refs/heads/master refs/remotes/master [3ms]
2023-09-16 13:33:31.118 [info] > git status -z -uall [2ms]
2023-09-16 13:33:31.640 [info] > git rev-parse --show-toplevel [2ms]
2023-09-16 13:33:31.659 [info] > git rev-parse --show-toplevel [2ms]
