2023-09-16 12:26:19.603 [info] Added views:workbench.panel.markers.view in workbench.panel.markers
2023-09-16 12:26:19.603 [info] Added views:workbench.panel.output in workbench.panel.output
2023-09-16 12:26:19.603 [info] Added views:terminal in terminal
2023-09-16 12:26:19.603 [info] Added views:outline in workbench.view.explorer
2023-09-16 12:26:19.603 [info] Added views:workbench.scm in workbench.view.scm
2023-09-16 12:26:19.603 [info] Added views:workbench.view.search in workbench.view.search
2023-09-16 12:26:19.603 [info] Added views:timeline in workbench.view.explorer
2023-09-16 12:26:19.603 [info] Added views:workbench.explorer.emptyView in workbench.view.explorer
2023-09-16 12:26:19.919 [info] Added views:workbench.debug.variablesView,workbench.debug.watchExpressionsView,workbench.debug.callStackView,workbench.debug.breakPointsView in workbench.view.debug
2023-09-16 12:26:20.781 [info] Added views:workbench.panel.repl.view in workbench.panel.repl
2023-09-16 12:26:20.784 [info] Removed views:workbench.debug.breakPointsView,workbench.debug.callStackView,workbench.debug.watchExpressionsView,workbench.debug.variablesView from workbench.view.debug
2023-09-16 12:26:20.786 [info] Added views:workbench.debug.welcome in workbench.view.debug
2023-09-16 12:26:21.119 [info] Added views:~remote.forwardedPorts in ~remote.forwardedPortsContainer
2023-09-16 12:26:35.504 [info] Added views:workbench.panel.markers.view in workbench.panel.markers
2023-09-16 12:26:35.504 [info] Added views:workbench.panel.output in workbench.panel.output
2023-09-16 12:26:35.504 [info] Added views:terminal in terminal
2023-09-16 12:26:35.504 [info] Added views:outline in workbench.view.explorer
2023-09-16 12:26:35.504 [info] Added views:workbench.scm in workbench.view.scm
2023-09-16 12:26:35.504 [info] Added views:workbench.view.search in workbench.view.search
2023-09-16 12:26:35.504 [info] Added views:timeline in workbench.view.explorer
2023-09-16 12:26:35.504 [info] Added views:workbench.explorer.fileView in workbench.view.explorer
2023-09-16 12:26:36.042 [info] Added views:workbench.debug.variablesView,workbench.debug.watchExpressionsView,workbench.debug.callStackView,workbench.debug.breakPointsView in workbench.view.debug
2023-09-16 12:26:36.147 [info] Added views:workbench.panel.repl.view in workbench.panel.repl
2023-09-16 12:26:36.148 [info] Removed views:workbench.debug.breakPointsView,workbench.debug.callStackView,workbench.debug.watchExpressionsView,workbench.debug.variablesView from workbench.view.debug
2023-09-16 12:26:36.150 [info] Added views:workbench.debug.welcome in workbench.view.debug
2023-09-16 12:26:36.291 [info] Added views:~remote.forwardedPorts in ~remote.forwardedPortsContainer
2023-09-16 12:30:51.167 [info] Added views:workbench.panel.markers.view in workbench.panel.markers
2023-09-16 12:30:51.167 [info] Added views:workbench.panel.output in workbench.panel.output
2023-09-16 12:30:51.167 [info] Added views:terminal in terminal
2023-09-16 12:30:51.167 [info] Added views:outline in workbench.view.explorer
2023-09-16 12:30:51.167 [info] Added views:workbench.scm in workbench.view.scm
2023-09-16 12:30:51.167 [info] Added views:workbench.view.search in workbench.view.search
2023-09-16 12:30:51.167 [info] Added views:timeline in workbench.view.explorer
2023-09-16 12:30:51.167 [info] Added views:workbench.explorer.fileView in workbench.view.explorer
2023-09-16 12:30:51.590 [info] Added views:workbench.debug.variablesView,workbench.debug.watchExpressionsView,workbench.debug.callStackView,workbench.debug.breakPointsView in workbench.view.debug
2023-09-16 12:30:51.708 [info] Added views:~remote.forwardedPorts in ~remote.forwardedPortsContainer
2023-09-16 12:30:51.953 [info] Added views:workbench.panel.repl.view in workbench.panel.repl
2023-09-16 12:30:51.956 [info] Removed views:workbench.debug.breakPointsView,workbench.debug.callStackView,workbench.debug.watchExpressionsView,workbench.debug.variablesView from workbench.view.debug
2023-09-16 12:30:51.958 [info] Added views:workbench.debug.welcome in workbench.view.debug
2023-09-16 12:31:00.524 [info] Added views:workbench.views.extensions.installed,workbench.views.extensions.popular,extensions.recommendedList in workbench.view.extensions
2023-09-16 12:31:00.530 [info] Removed views:workbench.views.extensions.popular from workbench.view.extensions
2023-09-16 12:31:00.926 [info] Added views:workbench.views.extensions.popular in workbench.view.extensions
2023-09-16 12:31:07.479 [info] Removed views:extensions.recommendedList,workbench.views.extensions.popular,workbench.views.extensions.installed from workbench.view.extensions
2023-09-16 12:31:07.519 [info] Added views:workbench.views.extensions.marketplace in workbench.view.extensions
2023-09-16 12:31:16.401 [info] Removed views:workbench.views.extensions.marketplace from workbench.view.extensions
2023-09-16 12:31:16.464 [info] Added views:workbench.views.extensions.installed,workbench.views.extensions.popular,extensions.recommendedList in workbench.view.extensions
2023-09-16 12:31:18.920 [info] Removed views:extensions.recommendedList,workbench.views.extensions.popular,workbench.views.extensions.installed from workbench.view.extensions
2023-09-16 12:31:18.974 [info] Added views:workbench.views.extensions.marketplace in workbench.view.extensions
2023-09-16 12:34:48.269 [info] Added views:workbench.debug.breakPointsView in workbench.view.debug
2023-09-16 12:34:53.324 [info] Added views:jsBrowserBreakpoints in workbench.view.debug
2023-09-16 12:34:53.335 [info] Removed views:workbench.debug.welcome from workbench.view.debug
2023-09-16 12:34:53.481 [info] Added views:workbench.debug.variablesView,workbench.debug.watchExpressionsView,workbench.debug.callStackView,workbench.debug.loadedScriptsView in workbench.view.debug
2023-09-16 13:33:00.559 [info] Removed views:workbench.debug.loadedScriptsView,workbench.debug.callStackView,workbench.debug.watchExpressionsView,workbench.debug.variablesView from workbench.view.debug
2023-09-16 13:33:00.580 [info] Added views:workbench.debug.welcome in workbench.view.debug
2023-09-16 13:33:00.588 [info] Removed views:workbench.debug.welcome from workbench.view.debug
2023-09-16 13:33:00.636 [info] Added views:workbench.debug.variablesView,workbench.debug.watchExpressionsView,workbench.debug.callStackView,workbench.debug.loadedScriptsView in workbench.view.debug
2023-09-16 13:33:31.128 [info] Removed views:workbench.debug.loadedScriptsView,workbench.debug.callStackView,workbench.debug.watchExpressionsView,workbench.debug.variablesView from workbench.view.debug
2023-09-16 13:33:31.140 [info] Added views:workbench.debug.welcome in workbench.view.debug
2023-09-16 13:33:31.145 [info] Removed views:workbench.debug.welcome from workbench.view.debug
2023-09-16 13:33:31.175 [info] Added views:workbench.debug.variablesView,workbench.debug.watchExpressionsView,workbench.debug.callStackView,workbench.debug.loadedScriptsView in workbench.view.debug
2023-09-16 13:33:31.257 [info] Removed views:workbench.debug.loadedScriptsView,workbench.debug.callStackView,workbench.debug.watchExpressionsView,workbench.debug.variablesView from workbench.view.debug
2023-09-16 13:33:31.268 [info] Added views:workbench.debug.welcome in workbench.view.debug
